0 info it worked if it ends with ok
1 verbose cli [ 'C:\\Program Files\\nodejs\\\\node.exe',
1 verbose cli   'C:\\Program Files\\nodejs\\node_modules\\npm\\bin\\npm-cli.js',
1 verbose cli   'publish' ]
2 info using npm@2.0.0
3 info using node@v0.10.32
4 verbose node symlink C:\Program Files\nodejs\\node.exe
5 verbose publish [ '.' ]
6 verbose cache add [ '.', null ]
7 verbose cache add spec="." args=[".",null]
8 verbose parsed spec { raw: '.',
8 verbose parsed spec   scope: null,
8 verbose parsed spec   name: null,
8 verbose parsed spec   rawSpec: '.',
8 verbose parsed spec   spec: 'F:\\libary\\js\\generator-ppsite',
8 verbose parsed spec   type: 'local' }
9 verbose cache add local package F:\libary\js\generator-ppsite
10 silly lockFile 3a52ce78- .
11 verbose lock . C:\Users\Administrator\AppData\Roaming\npm-cache\3a52ce78-.lock
12 verbose tar pack [ 'C:\\Users\\Administrator\\AppData\\Roaming\\npm-cache\\generator-ppsite\\1.0.0\\package.tgz',
12 verbose tar pack   '.' ]
13 verbose tarball C:\Users\Administrator\AppData\Roaming\npm-cache\generator-ppsite\1.0.0\package.tgz
14 verbose folder .
15 info prepublish generator-ppsite@1.0.0
16 silly lockFile 1f1177db-tar tar://.
17 verbose lock tar://. C:\Users\Administrator\AppData\Roaming\npm-cache\1f1177db-tar.lock
18 silly lockFile dc016c17-nerator-ppsite-1-0-0-package-tgz tar://C:\Users\Administrator\AppData\Roaming\npm-cache\generator-ppsite\1.0.0\package.tgz
19 verbose lock tar://C:\Users\Administrator\AppData\Roaming\npm-cache\generator-ppsite\1.0.0\package.tgz C:\Users\Administrator\AppData\Roaming\npm-cache\dc016c17-nerator-ppsite-1-0-0-package-tgz.lock
20 silly lockFile 1f1177db-tar tar://.
21 silly lockFile 1f1177db-tar tar://.
22 silly lockFile dc016c17-nerator-ppsite-1-0-0-package-tgz tar://C:\Users\Administrator\AppData\Roaming\npm-cache\generator-ppsite\1.0.0\package.tgz
23 silly lockFile dc016c17-nerator-ppsite-1-0-0-package-tgz tar://C:\Users\Administrator\AppData\Roaming\npm-cache\generator-ppsite\1.0.0\package.tgz
24 silly lockFile 5041dc98-e-generator-ppsite-1-0-0-package C:\Users\Administrator\AppData\Roaming\npm-cache\generator-ppsite\1.0.0\package
25 verbose lock C:\Users\Administrator\AppData\Roaming\npm-cache\generator-ppsite\1.0.0\package C:\Users\Administrator\AppData\Roaming\npm-cache\5041dc98-e-generator-ppsite-1-0-0-package.lock
26 silly lockFile 5041dc98-e-generator-ppsite-1-0-0-package C:\Users\Administrator\AppData\Roaming\npm-cache\generator-ppsite\1.0.0\package
27 silly lockFile 5041dc98-e-generator-ppsite-1-0-0-package C:\Users\Administrator\AppData\Roaming\npm-cache\generator-ppsite\1.0.0\package
28 silly lockFile 3a52ce78- .
29 silly lockFile 3a52ce78- .
30 silly publish { name: 'generator-ppsite',
30 silly publish   version: '1.0.0',
30 silly publish   description: 'a scaffoloding tool for built ppsite of generator-yeoman',
30 silly publish   main: 'app/index.js',
30 silly publish   scripts: { test: 'echo "Error: no test specified" && exit 1' },
30 silly publish   repository:
30 silly publish    { type: 'git',
30 silly publish      url: 'https://github.com/kinglion/generatoer-ppsite.git' },
30 silly publish   keywords: [ 'yeoman-generator', 'ppsite' ],
30 silly publish   author: { name: 'lion' },
30 silly publish   license: 'ISC',
30 silly publish   bugs: { url: 'https://github.com/kinglion/generatoer-ppsite/issues' },
30 silly publish   dependencies:
30 silly publish    { 'yeoman-generator': '^0.17.7',
30 silly publish      chalk: '^0.5.0',
30 silly publish      yosay: '^0.3.0' },
30 silly publish   devDependencies: { mocha: '*' },
30 silly publish   peerDependencies: { yo: '>=1.0.0' },
30 silly publish   homepage: 'https://github.com/kinglion/generatoer-ppsite',
30 silly publish   readme: 'generator-ppsite\r\n=================\r\n\r\na scaffoloding tool for  built ppsite of generator-yeoman \r\n\r\n##<a name="code"/>如何使用\r\n```javascript\r\nnpm install -g yo\r\n```\r\n```javascript\r\nnpm install -g generator-ppsite\r\n```\r\n```javascript\r\nyo ppsite\r\n```\r\n如果有建议可以跟我交流 \r\n### E-mail:328174271@qq.com\r\n\r\n![](http://g.hiphotos.baidu.com/baike/w%3D268/sign=0a9f547136a85edffa8cf925715509d8/f9dcd100baa1cd11c4254f01bb12c8fcc2cec3fdfc030d43.jpg)\r\n',
30 silly publish   readmeFilename: 'README.md',
30 silly publish   gitHead: 'b2672333fc3a247266fcac54d9eddb2942ee96d6',
30 silly publish   _id: 'generator-ppsite@1.0.0',
30 silly publish   _shasum: '67f6fde4dce67759f23e96a1d05d4c49d32b7e0e',
30 silly publish   _from: '.' }
31 verbose mapToRegistry name generator-ppsite
32 verbose mapToRegistry uri https://registry.npm.taobao.org/generator-ppsite
33 verbose publish registryBase https://registry.npm.taobao.org/
34 verbose request on initialization, where is /generator-ppsite
35 verbose request after pass 1, where is /generator-ppsite
36 verbose request url raw /generator-ppsite
37 verbose request resolving registry [ 'https://registry.npm.taobao.org/', './generator-ppsite' ]
38 verbose request after pass 2, where is https://registry.npm.taobao.org/generator-ppsite
39 verbose request sending authorization for write operation
40 info attempt registry request try #1 at 20:45:04
41 verbose request id 9908b1499601a837
42 http request PUT https://registry.npm.taobao.org/generator-ppsite
43 http 403 https://registry.npm.taobao.org/generator-ppsite
44 verbose headers { server: 'nginx/1.1.19',
44 verbose headers   date: 'Mon, 05 Jan 2015 12:45:04 GMT',
44 verbose headers   'content-type': 'application/json; charset=utf-8',
44 verbose headers   'content-length': '87',
44 verbose headers   connection: 'keep-alive',
44 verbose headers   'x-powered-by': 'koa',
44 verbose headers   'x-readtime': '6' }
45 error publish Failed PUT 403
46 verbose stack Error: no_perms Private mode enable, only admin can publish this module: generator-ppsite
46 verbose stack     at RegClient.<anonymous> (C:\Program Files\nodejs\node_modules\npm\node_modules\npm-registry-client\lib\request.js:261:14)
46 verbose stack     at Request._callback (C:\Program Files\nodejs\node_modules\npm\node_modules\npm-registry-client\lib\request.js:198:65)
46 verbose stack     at Request.self.callback (C:\Program Files\nodejs\node_modules\npm\node_modules\request\request.js:236:22)
46 verbose stack     at Request.emit (events.js:98:17)
46 verbose stack     at Request.<anonymous> (C:\Program Files\nodejs\node_modules\npm\node_modules\request\request.js:1142:14)
46 verbose stack     at Request.emit (events.js:117:20)
46 verbose stack     at IncomingMessage.<anonymous> (C:\Program Files\nodejs\node_modules\npm\node_modules\request\request.js:1096:12)
46 verbose stack     at IncomingMessage.emit (events.js:117:20)
46 verbose stack     at _stream_readable.js:943:16
46 verbose stack     at process._tickCallback (node.js:419:13)
47 verbose statusCode 403
48 verbose pkgid generator-ppsite
49 verbose cwd F:\libary\js\generator-ppsite
50 error Windows_NT 6.1.7601
51 error argv "C:\\Program Files\\nodejs\\\\node.exe" "C:\\Program Files\\nodejs\\node_modules\\npm\\bin\\npm-cli.js" "publish"
52 error node v0.10.32
53 error npm  v2.0.0
54 error code E403
55 error no_perms Private mode enable, only admin can publish this module: generator-ppsite
56 error If you need help, you may report this error at:
56 error     <http://github.com/npm/npm/issues>
57 verbose exit [ 1, true ]
